<?xml version="1.0" encoding="UTF-8"?>
<!-- Generated by org.testng.reporters.JUnitReportReporter -->
<testsuite skipped="0" hostname="DESKTOP-97HQ61N" name="testGroupsRunning.TestGroup2" tests="2" failures="0" timestamp="26 Aug 2018 09:42:38 GMT" time="0.015" errors="0">
  <testcase name="testCaseFive" time="0.000" classname="testGroupsRunning.TestGroup2"/>
  <testcase name="testCaseSix" time="0.015" classname="testGroupsRunning.TestGroup2"/>
</testsuite> <!-- testGroupsRunning.TestGroup2 -->
