<?xml version="1.0" encoding="UTF-8"?>
<!-- Generated by org.testng.reporters.JUnitReportReporter -->
<testsuite skipped="0" hostname="DESKTOP-97HQ61N" name="pack1.TestScrollDown" tests="1" failures="0" timestamp="26 Aug 2018 09:18:57 GMT" time="36.942" errors="0">
  <testcase name="testScrollDown" time="36.942" classname="pack1.TestScrollDown"/>
</testsuite> <!-- pack1.TestScrollDown -->
