<?xml version="1.0" encoding="UTF-8"?>
<!-- Generated by org.testng.reporters.JUnitReportReporter -->
<testsuite skipped="0" hostname="DESKTOP-97HQ61N" name="pack1.TestScrollDownTillWebEle" tests="1" failures="0" timestamp="26 Aug 2018 09:20:37 GMT" time="18.034" errors="0">
  <testcase name="testScrollDownTill" time="18.034" classname="pack1.TestScrollDownTillWebEle"/>
</testsuite> <!-- pack1.TestScrollDownTillWebEle -->
