<?xml version="1.0" encoding="UTF-8"?>
<!-- Generated by org.testng.reporters.JUnitReportReporter -->
<testsuite skipped="0" hostname="DESKTOP-97HQ61N" name="pack1.TestTypeAndClick" tests="1" failures="0" timestamp="26 Aug 2018 10:04:42 GMT" time="41.508" errors="0">
  <testcase name="testGoogle" time="41.508" classname="pack1.TestTypeAndClick"/>
</testsuite> <!-- pack1.TestTypeAndClick -->
