<?xml version="1.0" encoding="UTF-8"?>
<!-- Generated by org.testng.reporters.JUnitReportReporter -->
<testsuite skipped="0" hostname="DESKTOP-97HQ61N" name="testGroupsRunning.TestGroup" tests="2" failures="0" timestamp="26 Aug 2018 09:42:38 GMT" time="0.016" errors="0">
  <testcase name="testCaseFour" time="0.016" classname="testGroupsRunning.TestGroup"/>
  <testcase name="testCaseThree" time="0.000" classname="testGroupsRunning.TestGroup"/>
</testsuite> <!-- testGroupsRunning.TestGroup -->
